#-----------------------------------------------------------
# Vivado v2024.2 (64-bit)
# SW Build 5239630 on Fri Nov 08 22:35:27 MST 2024
# IP Build 5239520 on Sun Nov 10 16:12:51 MST 2024
# SharedData Build 5239561 on Fri Nov 08 14:39:27 MST 2024
# Start of session at: Wed Apr  2 13:21:04 2025
# Process ID         : 22816
# Current directory  : C:/Users/matik/Documents/Repository GitSrcTree/digital_clock
# Command line       : vivado.exe -gui_launcher_event rodinguilauncherevent26768 C:\Users\matik\Documents\Repository GitSrcTree\digital_clock\digital_clock.xpr
# Log file           : C:/Users/matik/Documents/Repository GitSrcTree/digital_clock/vivado.log
# Journal file       : C:/Users/matik/Documents/Repository GitSrcTree/digital_clock\vivado.jou
# Running On         : LAPTOP-21RP9537
# Platform           : Windows Server 2016 or Windows 10
# Operating System   : 26100
# Processor Detail   : AMD Ryzen 5 5600H with Radeon Graphics         
# CPU Frequency      : 3294 MHz
# CPU Physical cores : 6
# CPU Logical cores  : 12
# Host memory        : 16539 MB
# Swap memory        : 10200 MB
# Total Virtual      : 26740 MB
# Available Virtual  : 10910 MB
#-----------------------------------------------------------
start_gui
open_project {C:/Users/matik/Documents/Repository GitSrcTree/digital_clock/digital_clock.xpr}
INFO: [Project 1-313] Project file moved from 'C:/Users/256588/Documents/digital_clock' since last save.
INFO: [filemgmt 56-3] Default IP Output Path : Could not find the directory 'C:/Users/matik/Documents/Repository GitSrcTree/digital_clock/digital_clock.gen/sources_1'.
WARNING: [filemgmt 56-3] IPUserFilesDir: Could not find the directory 'C:/Users/matik/Documents/Repository GitSrcTree/digital_clock/digital_clock.ip_user_files'.
Scanning sources...
Finished scanning sources
INFO: [Project 1-230] Project 'digital_clock.xpr' upgraded for this version of Vivado.
INFO: [IP_Flow 19-234] Refreshing IP repositories
INFO: [IP_Flow 19-1704] No user IP repositories specified
INFO: [IP_Flow 19-2313] Loaded Vivado IP repository 'C:/Xilinx/Vivado/2024.2/data/ip'.
update_compile_order -fileset sources_1
exit
INFO: [Common 17-206] Exiting Vivado at Wed Apr  2 13:42:09 2025...
