#-----------------------------------------------------------
# Vivado v2020.2 (64-bit)
# SW Build 3064766 on Wed Nov 18 09:12:45 MST 2020
# IP Build 3064653 on Wed Nov 18 14:17:31 MST 2020
# Start of session at: Wed Apr  9 13:13:17 2025
# Process ID: 11568
# Current directory: C:/Users/262726/Documents/GitHub/digital-clock/digital_clock
# Command line: vivado.exe -gui_launcher_event rodinguilauncherevent13152 C:\Users\262726\Documents\GitHub\digital-clock\digital_clock\digital_clock.xpr
# Log file: C:/Users/262726/Documents/GitHub/digital-clock/digital_clock/vivado.log
# Journal file: C:/Users/262726/Documents/GitHub/digital-clock/digital_clock\vivado.jou
#-----------------------------------------------------------
start_gui
open_project C:/Users/262726/Documents/GitHub/digital-clock/digital_clock/digital_clock.xpr
INFO: [Project 1-313] Project file moved from 'C:/Users/matik/Documents/GitHub/digital-clock/digital_clock' since last save.
CRITICAL WARNING: [Project 1-505] Unrecognized Option Name SimulatorVersionXsim
CRITICAL WARNING: [Project 1-505] Unrecognized Option Name SimulatorVersionModelSim
CRITICAL WARNING: [Project 1-505] Unrecognized Option Name SimulatorVersionQuesta
CRITICAL WARNING: [Project 1-505] Unrecognized Option Name SimulatorVersionXcelium
CRITICAL WARNING: [Project 1-505] Unrecognized Option Name SimulatorVersionVCS
CRITICAL WARNING: [Project 1-505] Unrecognized Option Name SimulatorVersionRiviera
CRITICAL WARNING: [Project 1-505] Unrecognized Option Name SimulatorVersionActiveHdl
CRITICAL WARNING: [Project 1-505] Unrecognized Option Name SimulatorGccVersionXsim
CRITICAL WARNING: [Project 1-505] Unrecognized Option Name SimulatorGccVersionModelSim
CRITICAL WARNING: [Project 1-505] Unrecognized Option Name SimulatorGccVersionQuesta
CRITICAL WARNING: [Project 1-505] Unrecognized Option Name SimulatorGccVersionXcelium
CRITICAL WARNING: [Project 1-505] Unrecognized Option Name SimulatorGccVersionVCS
CRITICAL WARNING: [Project 1-505] Unrecognized Option Name SimulatorGccVersionRiviera
CRITICAL WARNING: [Project 1-505] Unrecognized Option Name SimulatorGccVersionActiveHdl
WARNING: [filemgmt 56-2] Default IP Output Path : Could not find the directory 'C:/Users/262726/Documents/GitHub/digital-clock/digital_clock/digital_clock.gen/sources_1', nor could it be found using path 'C:/Users/matik/Documents/GitHub/digital-clock/digital_clock/digital_clock.gen/sources_1'.
CRITICAL WARNING: [Project 1-505] Unrecognized Option Name EnableResourceEstimation
CRITICAL WARNING: [Project 1-505] Unrecognized Option Name SimCompileState
WARNING: [filemgmt 56-2] IPUserFilesDir: Could not find the directory 'C:/Users/262726/Documents/GitHub/digital-clock/digital_clock/digital_clock.ip_user_files', nor could it be found using path 'C:/Users/matik/Documents/GitHub/digital-clock/digital_clock/digital_clock.ip_user_files'.
CRITICAL WARNING: [Project 1-505] Unrecognized Option Name UseInlineHdlIP
CRITICAL WARNING: [Project 1-505] Unrecognized Option Name LocalIPRepoLeafDirName
ERROR: [Project 1-208] No val for DA Elab Attr
ERROR: [Project 1-208] No val for DA Elab Attr
ERROR: [Project 1-208] No val for DA Elab Attr
Scanning sources...
Finished scanning sources
WARNING: [Project 1-231] Project 'digital_clock.xpr' was created with a future version and may or may not perform reliably with this version of Vivado. It has been opened in read-only mode for the protection of unrecognized data. Use 'File | Save Project As...' if you wish to alter a copy of the project.
INFO: [IP_Flow 19-234] Refreshing IP repositories
INFO: [IP_Flow 19-1704] No user IP repositories specified
INFO: [IP_Flow 19-2313] Loaded Vivado IP repository 'C:/appz/Xilinx/Vivado/2020.2/data/ip'.
ERROR: [Common 17-39] 'open_project' failed due to earlier errors.
update_compile_order -fileset sources_1
save_project_as digital-clock C:/Users/262726/Documents/GitHub/digital-clock/digital-clock/digital-clock -force
exit
INFO: [Common 17-206] Exiting Vivado at Wed Apr  9 13:14:25 2025...
