#-----------------------------------------------------------
# Vivado v2024.2 (64-bit)
# SW Build 5239630 on Fri Nov 08 22:35:27 MST 2024
# IP Build 5239520 on Sun Nov 10 16:12:51 MST 2024
# SharedData Build 5239561 on Fri Nov 08 14:39:27 MST 2024
# Start of session at: Wed Apr  9 12:15:50 2025
# Process ID         : 17028
# Current directory  : C:/Users/matik/Documents/GitHub/digital-clock/digital_clock
# Command line       : vivado.exe -gui_launcher_event rodinguilauncherevent7276 C:\Users\matik\Documents\GitHub\digital-clock\digital_clock\digital_clock.xpr
# Log file           : C:/Users/matik/Documents/GitHub/digital-clock/digital_clock/vivado.log
# Journal file       : C:/Users/matik/Documents/GitHub/digital-clock/digital_clock\vivado.jou
# Running On         : LAPTOP-21RP9537
# Platform           : Windows Server 2016 or Windows 10
# Operating System   : 26100
# Processor Detail   : AMD Ryzen 5 5600H with Radeon Graphics         
# CPU Frequency      : 3294 MHz
# CPU Physical cores : 6
# CPU Logical cores  : 12
# Host memory        : 16539 MB
# Swap memory        : 10200 MB
# Total Virtual      : 26740 MB
# Available Virtual  : 12628 MB
#-----------------------------------------------------------
start_gui
open_project C:/Users/matik/Documents/GitHub/digital-clock/digital_clock/digital_clock.xpr
INFO: [Project 1-313] Project file moved from 'C:/Users/matik/Documents/Repository GitSrcTree/digital_clock' since last save.
INFO: [filemgmt 56-3] Default IP Output Path : Could not find the directory 'C:/Users/matik/Documents/GitHub/digital-clock/digital_clock/digital_clock.gen/sources_1'.
WARNING: [filemgmt 56-3] IPUserFilesDir: Could not find the directory 'C:/Users/matik/Documents/GitHub/digital-clock/digital_clock/digital_clock.ip_user_files'.
Scanning sources...
Finished scanning sources
INFO: [IP_Flow 19-234] Refreshing IP repositories
INFO: [IP_Flow 19-1704] No user IP repositories specified
INFO: [IP_Flow 19-2313] Loaded Vivado IP repository 'C:/Xilinx/Vivado/2024.2/data/ip'.
open_project: Time (s): cpu = 00:00:12 ; elapsed = 00:00:06 . Memory (MB): peak = 1205.797 ; gain = 128.996
update_compile_order -fileset sources_1
file mkdir C:/Users/matik/Documents/GitHub/digital-clock/digital_clock/digital_clock.srcs/sim_1/new
set_property SOURCE_SET sources_1 [get_filesets sim_1]
close [ open C:/Users/matik/Documents/GitHub/digital-clock/digital_clock/digital_clock.srcs/sim_1/new/digital-clock_tb.vhd w ]
add_files -fileset sim_1 C:/Users/matik/Documents/GitHub/digital-clock/digital_clock/digital_clock.srcs/sim_1/new/digital-clock_tb.vhd
update_compile_order -fileset sim_1
export_ip_user_files -of_objects  [get_files C:/Users/matik/Documents/GitHub/digital-clock/digital_clock/digital_clock.srcs/sim_1/new/digital-clock_tb.vhd] -no_script -reset -force -quiet
remove_files  -fileset sim_1 C:/Users/matik/Documents/GitHub/digital-clock/digital_clock/digital_clock.srcs/sim_1/new/digital-clock_tb.vhd
remove_files  -fileset sim_1 C:/Users/matik/Documents/GitHub/digital-clock/digital_clock/digital_clock.srcs/sim_1/new/digital-clock_tb.vhd
WARNING: [Vivado 12-818] No files matched 'C:/Users/matik/Documents/GitHub/digital-clock/digital_clock/digital_clock.srcs/sim_1/new/digital-clock_tb.vhd'
set_property SOURCE_SET sources_1 [get_filesets sim_1]
close [ open C:/Users/matik/Documents/GitHub/digital-clock/digital_clock/digital_clock.srcs/sim_1/new/tb_digital_clock.vhd w ]
add_files -fileset sim_1 C:/Users/matik/Documents/GitHub/digital-clock/digital_clock/digital_clock.srcs/sim_1/new/tb_digital_clock.vhd
update_compile_order -fileset sim_1
WARNING: [filemgmt 56-199] Attempt to get parsing info during refresh. "On-the-fly" syntax checking information may be incorrect. [C:\Users\matik\Documents\GitHub\digital-clock\digital_clock\digital_clock.srcs\sim_1\new\tb_digital_clock.vhd:]
WARNING: [filemgmt 56-199] Attempt to get parsing info during refresh. "On-the-fly" syntax checking information may be incorrect. [C:\Users\matik\Documents\GitHub\digital-clock\digital_clock\digital_clock.srcs\sources_1\new\digital_clock.vhd:]
WARNING: [filemgmt 56-199] Attempt to get parsing info during refresh. "On-the-fly" syntax checking information may be incorrect. [C:\Users\matik\Documents\GitHub\digital-clock\digital_clock\digital_clock.srcs\sim_1\new\tb_digital_clock.vhd:]
WARNING: [filemgmt 56-199] Attempt to get parsing info during refresh. "On-the-fly" syntax checking information may be incorrect. [C:\Users\matik\Documents\GitHub\digital-clock\digital_clock\digital_clock.srcs\sim_1\new\tb_digital_clock.vhd:]
ERROR: [Common 17-180] Spawn failed: No such file or directory
update_compile_order -fileset sim_1
WARNING: [filemgmt 56-199] Attempt to get parsing info during refresh. "On-the-fly" syntax checking information may be incorrect. [C:\Users\matik\Documents\GitHub\digital-clock\digital_clock\digital_clock.srcs\sim_1\new\tb_digital_clock.vhd:]
WARNING: [filemgmt 56-199] Attempt to get parsing info during refresh. "On-the-fly" syntax checking information may be incorrect. [C:\Users\matik\Documents\GitHub\digital-clock\digital_clock\digital_clock.srcs\sources_1\new\digital_clock.vhd:]
WARNING: [filemgmt 56-199] Attempt to get parsing info during refresh. "On-the-fly" syntax checking information may be incorrect. [C:\Users\matik\Documents\GitHub\digital-clock\digital_clock\digital_clock.srcs\sim_1\new\tb_digital_clock.vhd:]
WARNING: [filemgmt 56-199] Attempt to get parsing info during refresh. "On-the-fly" syntax checking information may be incorrect. [C:\Users\matik\Documents\GitHub\digital-clock\digital_clock\digital_clock.srcs\sim_1\new\tb_digital_clock.vhd:]
ERROR: [Common 17-180] Spawn failed: No error
